2007.10.20 07:31 B K:\php_files\t\signup\activepassword.php --> plus2net.com /public_html/demo/signup activepassword.php
2007.10.20 07:31 B K:\php_files\t\signup\bottom.php --> plus2net.com /public_html/demo/signup bottom.php
2007.10.20 07:31 B K:\php_files\t\signup\change-password.php --> plus2net.com /public_html/demo/signup change-password.php
2007.10.20 07:31 B K:\php_files\t\signup\change-passwordck.php --> plus2net.com /public_html/demo/signup change-passwordck.php
2007.10.20 07:31 B K:\php_files\t\signup\check.php --> plus2net.com /public_html/demo/signup check.php
2007.10.20 07:31 B K:\php_files\t\signup\dump_signup.txt --> plus2net.com /public_html/demo/signup dump_signup.txt
2007.10.20 07:31 B K:\php_files\t\signup\forgot-password.php --> plus2net.com /public_html/demo/signup forgot-password.php
2007.10.20 07:31 B K:\php_files\t\signup\forgot-passwordck.php --> plus2net.com /public_html/demo/signup forgot-passwordck.php
2007.10.20 07:31 B K:\php_files\t\signup\login.php --> plus2net.com /public_html/demo/signup login.php
2007.10.20 07:31 B K:\php_files\t\signup\loginck.php --> plus2net.com /public_html/demo/signup loginck.php
2007.10.20 07:31 B K:\php_files\t\signup\logout.php --> plus2net.com /public_html/demo/signup logout.php
2007.10.20 07:31 B K:\php_files\t\signup\readme.txt --> plus2net.com /public_html/demo/signup readme.txt
2007.10.20 07:31 B K:\php_files\t\signup\signup.php --> plus2net.com /public_html/demo/signup signup.php
2007.10.20 07:31 B K:\php_files\t\signup\signupck.php --> plus2net.com /public_html/demo/signup signupck.php
2007.10.20 07:31 B K:\php_files\t\signup\update-profile.php --> plus2net.com /public_html/demo/signup update-profile.php
2007.10.20 07:31 B K:\php_files\t\signup\update-profileck.php --> plus2net.com /public_html/demo/signup update-profileck.php
2007.10.20 07:31 B K:\php_files\t\signup\welcome.php --> plus2net.com /public_html/demo/signup welcome.php
2007.10.20 07:45 B K:\php_files\t\signup\forgot-passwordck.php --> plus2net.com /public_html/demo/signup forgot-passwordck.php
2007.10.20 07:52 B K:\php_files\t\signup\activepassword.php --> plus2net.com /public_html/demo/signup activepassword.php
2007.10.20 08:10 B K:\php_files\t\signup\activepasswordck.php --> plus2net.com /public_html/demo/signup activepasswordck.php
2007.10.20 08:10 B K:\php_files\t\signup\activepassword.php --> plus2net.com /public_html/demo/signup activepassword.php
2007.10.20 08:11 B K:\php_files\t\signup\activepasswordck.php --> plus2net.com /public_html/demo/signup activepasswordck.php
2007.10.20 08:11 B K:\php_files\t\signup\activepassword.php --> plus2net.com /public_html/demo/signup activepassword.php
2007.10.20 08:14 B K:\php_files\t\signup\activepasswordck.php --> plus2net.com /public_html/demo/signup activepasswordck.php
2007.10.20 08:15 B K:\php_files\t\signup\activepassword.php --> plus2net.com /public_html/demo/signup activepassword.php
2007.10.20 08:16 B K:\php_files\t\signup\activepasswordck.php --> plus2net.com /public_html/demo/signup activepasswordck.php
2007.10.20 08:18 B K:\php_files\t\signup\activepasswordck.php --> plus2net.com /public_html/demo/signup activepasswordck.php
2007.10.20 08:20 B K:\php_files\t\signup\activepasswordck.php --> plus2net.com /public_html/demo/signup activepasswordck.php
2007.10.20 08:21 B K:\php_files\t\signup\activepasswordck.php --> plus2net.com /public_html/demo/signup activepasswordck.php
2007.10.20 18:22 B K:\php_files\t\signup\activepassword.php --> plus2net.com /public_html/demo/signup activepassword.php
2007.10.20 18:22 B K:\php_files\t\signup\activepasswordck.php --> plus2net.com /public_html/demo/signup activepasswordck.php
2007.10.20 18:22 B K:\php_files\t\signup\bottom.php --> plus2net.com /public_html/demo/signup bottom.php
2007.10.20 18:22 B K:\php_files\t\signup\change-password.php --> plus2net.com /public_html/demo/signup change-password.php
2007.10.20 18:22 B K:\php_files\t\signup\change-passwordck.php --> plus2net.com /public_html/demo/signup change-passwordck.php
2007.10.20 18:22 B K:\php_files\t\signup\check.php --> plus2net.com /public_html/demo/signup check.php
2007.10.20 18:22 B K:\php_files\t\signup\config.php --> plus2net.com /public_html/demo/signup config.php
2007.10.20 18:22 B K:\php_files\t\signup\dump_signup.txt --> plus2net.com /public_html/demo/signup dump_signup.txt
2007.10.20 18:22 B K:\php_files\t\signup\forgot-password.php --> plus2net.com /public_html/demo/signup forgot-password.php
2007.10.20 18:22 B K:\php_files\t\signup\forgot-passwordck.php --> plus2net.com /public_html/demo/signup forgot-passwordck.php
2007.10.20 18:22 B K:\php_files\t\signup\login.php --> plus2net.com /public_html/demo/signup login.php
2007.10.20 18:22 B K:\php_files\t\signup\loginck.php --> plus2net.com /public_html/demo/signup loginck.php
2007.10.20 18:22 B K:\php_files\t\signup\logout.php --> plus2net.com /public_html/demo/signup logout.php
2007.10.20 18:22 B K:\php_files\t\signup\readme.txt --> plus2net.com /public_html/demo/signup readme.txt
2007.10.20 18:22 B K:\php_files\t\signup\signup.php --> plus2net.com /public_html/demo/signup signup.php
2007.10.20 18:22 B K:\php_files\t\signup\signupck.php --> plus2net.com /public_html/demo/signup signupck.php
2007.10.20 18:22 B K:\php_files\t\signup\update-profile.php --> plus2net.com /public_html/demo/signup update-profile.php
2007.10.20 18:22 B K:\php_files\t\signup\update-profileck.php --> plus2net.com /public_html/demo/signup update-profileck.php
2007.10.20 18:22 B K:\php_files\t\signup\welcome.php --> plus2net.com /public_html/demo/signup welcome.php
2007.10.20 18:22 B K:\php_files\t\signup\WS_FTP.LOG --> plus2net.com /public_html/demo/signup WS_FTP.LOG
2007.10.20 18:43 B K:\php_files\t\signup\forgot-passwordck.php --> plus2net.com /public_html/demo/signup forgot-passwordck.php
2007.10.20 18:45 B K:\php_files\t\signup\forgot-passwordck.php --> plus2net.com /public_html/demo/signup forgot-passwordck.php
